[0.170s] DEBUG:colcon:Command line arguments: ['/usr/bin/colcon', 'list', '-p', '--base-paths', '/home/eth/turtlebot_follow_ws']
[0.171s] DEBUG:colcon:Parsed command line arguments: Namespace(log_base=None, log_level=None, verb_name='list', build_base='build', ignore_user_meta=False, metas=['./colcon.meta'], base_paths=['/home/eth/turtlebot_follow_ws'], packages_ignore=None, packages_ignore_regex=None, paths=None, packages_up_to=None, packages_up_to_regex=None, packages_above=None, packages_above_and_dependencies=None, packages_above_depth=None, packages_select_by_dep=None, packages_skip_by_dep=None, packages_skip_up_to=None, packages_select_build_failed=False, packages_skip_build_finished=False, packages_select_test_failures=False, packages_skip_test_passed=False, packages_select=None, packages_skip=None, packages_select_regex=None, packages_skip_regex=None, packages_start=None, packages_end=None, allow_overriding=[], topological_order=False, names_only=False, paths_only=True, topological_graph=False, topological_graph_dot=False, topological_graph_density=False, topological_graph_legend=False, topological_graph_dot_cluster=False, topological_graph_dot_include_skipped=False, verb_parser=<colcon_defaults.argument_parser.defaults.DefaultArgumentsDecorator object at 0x78b5b46d3eb0>, verb_extension=<colcon_package_information.verb.list.ListVerb object at 0x78b5b48e5bd0>, main=<bound method ListVerb.main of <colcon_package_information.verb.list.ListVerb object at 0x78b5b48e5bd0>>)
[0.592s] Level 1:colcon.colcon_core.package_discovery:discover_packages(colcon_meta) check parameters
[0.592s] Level 1:colcon.colcon_core.package_discovery:discover_packages(recursive) check parameters
[0.592s] Level 1:colcon.colcon_core.package_discovery:discover_packages(ignore) check parameters
[0.592s] Level 1:colcon.colcon_core.package_discovery:discover_packages(path) check parameters
[0.592s] Level 1:colcon.colcon_core.package_discovery:discover_packages(recursive) discover
[0.592s] INFO:colcon.colcon_core.package_discovery:Crawling recursively for packages in '/home/eth/turtlebot_follow_ws'
[0.592s] Level 1:colcon.colcon_core.package_identification:_identify(/home/eth/turtlebot_follow_ws) by extensions ['ignore', 'ignore_ament_install']
[0.592s] Level 1:colcon.colcon_core.package_identification:_identify(/home/eth/turtlebot_follow_ws) by extension 'ignore'
[0.592s] Level 1:colcon.colcon_core.package_identification:_identify(/home/eth/turtlebot_follow_ws) by extension 'ignore_ament_install'
[0.593s] Level 1:colcon.colcon_core.package_identification:_identify(/home/eth/turtlebot_follow_ws) by extensions ['colcon_pkg']
[0.593s] Level 1:colcon.colcon_core.package_identification:_identify(/home/eth/turtlebot_follow_ws) by extension 'colcon_pkg'
[0.593s] Level 1:colcon.colcon_core.package_identification:_identify(/home/eth/turtlebot_follow_ws) by extensions ['colcon_meta']
[0.593s] Level 1:colcon.colcon_core.package_identification:_identify(/home/eth/turtlebot_follow_ws) by extension 'colcon_meta'
[0.593s] Level 1:colcon.colcon_core.package_identification:_identify(/home/eth/turtlebot_follow_ws) by extensions ['ros']
[0.593s] Level 1:colcon.colcon_core.package_identification:_identify(/home/eth/turtlebot_follow_ws) by extension 'ros'
[0.647s] Level 1:colcon.colcon_core.package_identification:_identify(/home/eth/turtlebot_follow_ws) by extensions ['cmake', 'python']
[0.647s] Level 1:colcon.colcon_core.package_identification:_identify(/home/eth/turtlebot_follow_ws) by extension 'cmake'
[0.647s] Level 1:colcon.colcon_core.package_identification:_identify(/home/eth/turtlebot_follow_ws) by extension 'python'
[0.648s] Level 1:colcon.colcon_core.package_identification:_identify(/home/eth/turtlebot_follow_ws) by extensions ['python_setup_py']
[0.648s] Level 1:colcon.colcon_core.package_identification:_identify(/home/eth/turtlebot_follow_ws) by extension 'python_setup_py'
[0.648s] Level 1:colcon.colcon_core.package_identification:_identify(/home/eth/turtlebot_follow_ws/log) by extensions ['ignore', 'ignore_ament_install']
[0.648s] Level 1:colcon.colcon_core.package_identification:_identify(/home/eth/turtlebot_follow_ws/log) by extension 'ignore'
[0.648s] Level 1:colcon.colcon_core.package_identification:_identify(/home/eth/turtlebot_follow_ws/log) ignored
[0.649s] Level 1:colcon.colcon_core.package_identification:_identify(/home/eth/turtlebot_follow_ws/src) by extensions ['ignore', 'ignore_ament_install']
[0.649s] Level 1:colcon.colcon_core.package_identification:_identify(/home/eth/turtlebot_follow_ws/src) by extension 'ignore'
[0.649s] Level 1:colcon.colcon_core.package_identification:_identify(/home/eth/turtlebot_follow_ws/src) by extension 'ignore_ament_install'
[0.649s] Level 1:colcon.colcon_core.package_identification:_identify(/home/eth/turtlebot_follow_ws/src) by extensions ['colcon_pkg']
[0.649s] Level 1:colcon.colcon_core.package_identification:_identify(/home/eth/turtlebot_follow_ws/src) by extension 'colcon_pkg'
[0.649s] Level 1:colcon.colcon_core.package_identification:_identify(/home/eth/turtlebot_follow_ws/src) by extensions ['colcon_meta']
[0.649s] Level 1:colcon.colcon_core.package_identification:_identify(/home/eth/turtlebot_follow_ws/src) by extension 'colcon_meta'
[0.649s] Level 1:colcon.colcon_core.package_identification:_identify(/home/eth/turtlebot_follow_ws/src) by extensions ['ros']
[0.649s] Level 1:colcon.colcon_core.package_identification:_identify(/home/eth/turtlebot_follow_ws/src) by extension 'ros'
[0.650s] Level 1:colcon.colcon_core.package_identification:_identify(/home/eth/turtlebot_follow_ws/src) by extensions ['cmake', 'python']
[0.650s] Level 1:colcon.colcon_core.package_identification:_identify(/home/eth/turtlebot_follow_ws/src) by extension 'cmake'
[0.650s] Level 1:colcon.colcon_core.package_identification:_identify(/home/eth/turtlebot_follow_ws/src) by extension 'python'
[0.650s] Level 1:colcon.colcon_core.package_identification:_identify(/home/eth/turtlebot_follow_ws/src) by extensions ['python_setup_py']
[0.650s] Level 1:colcon.colcon_core.package_identification:_identify(/home/eth/turtlebot_follow_ws/src) by extension 'python_setup_py'
[0.650s] Level 1:colcon.colcon_core.package_identification:_identify(/home/eth/turtlebot_follow_ws/src/turtlebot_follower) by extensions ['ignore', 'ignore_ament_install']
[0.650s] Level 1:colcon.colcon_core.package_identification:_identify(/home/eth/turtlebot_follow_ws/src/turtlebot_follower) by extension 'ignore'
[0.651s] Level 1:colcon.colcon_core.package_identification:_identify(/home/eth/turtlebot_follow_ws/src/turtlebot_follower) by extension 'ignore_ament_install'
[0.651s] Level 1:colcon.colcon_core.package_identification:_identify(/home/eth/turtlebot_follow_ws/src/turtlebot_follower) by extensions ['colcon_pkg']
[0.651s] Level 1:colcon.colcon_core.package_identification:_identify(/home/eth/turtlebot_follow_ws/src/turtlebot_follower) by extension 'colcon_pkg'
[0.651s] Level 1:colcon.colcon_core.package_identification:_identify(/home/eth/turtlebot_follow_ws/src/turtlebot_follower) by extensions ['colcon_meta']
[0.651s] Level 1:colcon.colcon_core.package_identification:_identify(/home/eth/turtlebot_follow_ws/src/turtlebot_follower) by extension 'colcon_meta'
[0.651s] Level 1:colcon.colcon_core.package_identification:_identify(/home/eth/turtlebot_follow_ws/src/turtlebot_follower) by extensions ['ros']
[0.651s] Level 1:colcon.colcon_core.package_identification:_identify(/home/eth/turtlebot_follow_ws/src/turtlebot_follower) by extension 'ros'
[0.655s] DEBUG:colcon.colcon_core.package_identification:Package '/home/eth/turtlebot_follow_ws/src/turtlebot_follower' with type 'ros.ament_python' and name 'turtlebot_follower'
[0.655s] Level 1:colcon.colcon_core.package_discovery:discover_packages(recursive) using defaults
