[0.974s] Invoking command in '/home/eth/turtlebot_follow_ws/build/turtlebot_follower': PYTHONPATH=/home/eth/turtlebot_follow_ws/build/turtlebot_follower/prefix_override:/usr/lib/python3/dist-packages/colcon_core/task/python/colcon_distutils_commands:/home/eth/turtlebot_follow_ws/install/turtlebot_follower/lib/python3.10/site-packages:${PYTHONPATH} /usr/bin/python3 -W ignore:setup.py install is deprecated setup.py develop --editable --build-directory /home/eth/turtlebot_follow_ws/build/turtlebot_follower/build --no-deps symlink_data --force
[1.395s] running develop
[1.666s] running egg_info
[1.666s] writing turtlebot_follower.egg-info/PKG-INFO
[1.666s] writing dependency_links to turtlebot_follower.egg-info/dependency_links.txt
[1.667s] writing entry points to turtlebot_follower.egg-info/entry_points.txt
[1.667s] writing requirements to turtlebot_follower.egg-info/requires.txt
[1.667s] writing top-level names to turtlebot_follower.egg-info/top_level.txt
[1.669s] reading manifest file 'turtlebot_follower.egg-info/SOURCES.txt'
[1.670s] writing manifest file 'turtlebot_follower.egg-info/SOURCES.txt'
[1.671s] running build_ext
[1.672s] Creating /home/eth/turtlebot_follow_ws/install/turtlebot_follower/lib/python3.10/site-packages/turtlebot-follower.egg-link (link to .)
[1.672s] Installing aruco_detector script to /home/eth/turtlebot_follow_ws/install/turtlebot_follower/lib/turtlebot_follower
[1.672s] Installing follower script to /home/eth/turtlebot_follow_ws/install/turtlebot_follower/lib/turtlebot_follower
[1.673s] 
[1.673s] Installed /home/eth/turtlebot_follow_ws/build/turtlebot_follower
[1.673s] running symlink_data
[1.673s] symbolically linking /home/eth/turtlebot_follow_ws/build/turtlebot_follower/resource/turtlebot_follower -> /home/eth/turtlebot_follow_ws/install/turtlebot_follower/share/ament_index/resource_index/packages
[1.673s] symbolically linking /home/eth/turtlebot_follow_ws/build/turtlebot_follower/package.xml -> /home/eth/turtlebot_follow_ws/install/turtlebot_follower/share/turtlebot_follower
[1.713s] Invoked command in '/home/eth/turtlebot_follow_ws/build/turtlebot_follower' returned '0': PYTHONPATH=/home/eth/turtlebot_follow_ws/build/turtlebot_follower/prefix_override:/usr/lib/python3/dist-packages/colcon_core/task/python/colcon_distutils_commands:/home/eth/turtlebot_follow_ws/install/turtlebot_follower/lib/python3.10/site-packages:${PYTHONPATH} /usr/bin/python3 -W ignore:setup.py install is deprecated setup.py develop --editable --build-directory /home/eth/turtlebot_follow_ws/build/turtlebot_follower/build --no-deps symlink_data --force
