[0.349s] Invoking command in '/home/eth/turtlebot_follow_ws/build/vision_opencv': CMAKE_PREFIX_PATH=/home/eth/turtlebot_follow_ws/install/image_geometry:/home/eth/turtlebot_follow_ws/install/cv_bridge:/home/eth/turtlebot_follow_ws/install/vision_opencv:/home/eth/turtlebot_follow_ws/install/opencv_tests:/home/eth/turtlebot_follow_ws/install/turtlebot_follower:/opt/ros/humble LD_LIBRARY_PATH=/home/eth/turtlebot_follow_ws/install/image_geometry/lib:/home/eth/turtlebot_follow_ws/install/cv_bridge/lib:/usr/lib/x86_64-linux-gnu/gazebo-11/plugins:/opt/ros/humble/opt/rviz_ogre_vendor/lib:/opt/ros/humble/lib/x86_64-linux-gnu:/opt/ros/humble/lib:/usr/lib/x86_64-linux-gnu/ /usr/bin/cmake --build /home/eth/turtlebot_follow_ws/build/vision_opencv -- -j8 -l8
[0.366s] -- Found ament_cmake: 1.3.10 (/opt/ros/humble/share/ament_cmake/cmake)
[0.490s] -- Override CMake install command with custom implementation using symlinks instead of copying resources
[0.593s] -- Configuring done
[0.596s] -- Generating done
[0.597s] -- Build files have been written to: /home/eth/turtlebot_follow_ws/build/vision_opencv
[0.616s] Invoked command in '/home/eth/turtlebot_follow_ws/build/vision_opencv' returned '0': CMAKE_PREFIX_PATH=/home/eth/turtlebot_follow_ws/install/image_geometry:/home/eth/turtlebot_follow_ws/install/cv_bridge:/home/eth/turtlebot_follow_ws/install/vision_opencv:/home/eth/turtlebot_follow_ws/install/opencv_tests:/home/eth/turtlebot_follow_ws/install/turtlebot_follower:/opt/ros/humble LD_LIBRARY_PATH=/home/eth/turtlebot_follow_ws/install/image_geometry/lib:/home/eth/turtlebot_follow_ws/install/cv_bridge/lib:/usr/lib/x86_64-linux-gnu/gazebo-11/plugins:/opt/ros/humble/opt/rviz_ogre_vendor/lib:/opt/ros/humble/lib/x86_64-linux-gnu:/opt/ros/humble/lib:/usr/lib/x86_64-linux-gnu/ /usr/bin/cmake --build /home/eth/turtlebot_follow_ws/build/vision_opencv -- -j8 -l8
[0.637s] Invoking command in '/home/eth/turtlebot_follow_ws/build/vision_opencv': CMAKE_PREFIX_PATH=/home/eth/turtlebot_follow_ws/install/image_geometry:/home/eth/turtlebot_follow_ws/install/cv_bridge:/home/eth/turtlebot_follow_ws/install/vision_opencv:/home/eth/turtlebot_follow_ws/install/opencv_tests:/home/eth/turtlebot_follow_ws/install/turtlebot_follower:/opt/ros/humble LD_LIBRARY_PATH=/home/eth/turtlebot_follow_ws/install/image_geometry/lib:/home/eth/turtlebot_follow_ws/install/cv_bridge/lib:/usr/lib/x86_64-linux-gnu/gazebo-11/plugins:/opt/ros/humble/opt/rviz_ogre_vendor/lib:/opt/ros/humble/lib/x86_64-linux-gnu:/opt/ros/humble/lib:/usr/lib/x86_64-linux-gnu/ /usr/bin/cmake --install /home/eth/turtlebot_follow_ws/build/vision_opencv
[0.645s] -- Install configuration: ""
[0.645s] -- Execute custom install script
[0.645s] -- Up-to-date symlink: /home/eth/turtlebot_follow_ws/install/vision_opencv/share/ament_index/resource_index/package_run_dependencies/vision_opencv
[0.646s] -- Up-to-date symlink: /home/eth/turtlebot_follow_ws/install/vision_opencv/share/ament_index/resource_index/parent_prefix_path/vision_opencv
[0.646s] -- Up-to-date symlink: /home/eth/turtlebot_follow_ws/install/vision_opencv/share/vision_opencv/environment/ament_prefix_path.sh
[0.646s] -- Up-to-date symlink: /home/eth/turtlebot_follow_ws/install/vision_opencv/share/vision_opencv/environment/ament_prefix_path.dsv
[0.646s] -- Up-to-date symlink: /home/eth/turtlebot_follow_ws/install/vision_opencv/share/vision_opencv/environment/path.sh
[0.646s] -- Up-to-date symlink: /home/eth/turtlebot_follow_ws/install/vision_opencv/share/vision_opencv/environment/path.dsv
[0.646s] -- Up-to-date symlink: /home/eth/turtlebot_follow_ws/install/vision_opencv/share/vision_opencv/local_setup.bash
[0.646s] -- Up-to-date symlink: /home/eth/turtlebot_follow_ws/install/vision_opencv/share/vision_opencv/local_setup.sh
[0.647s] -- Up-to-date symlink: /home/eth/turtlebot_follow_ws/install/vision_opencv/share/vision_opencv/local_setup.zsh
[0.647s] -- Up-to-date symlink: /home/eth/turtlebot_follow_ws/install/vision_opencv/share/vision_opencv/local_setup.dsv
[0.647s] -- Symlinking: /home/eth/turtlebot_follow_ws/install/vision_opencv/share/vision_opencv/package.dsv
[0.656s] -- Up-to-date symlink: /home/eth/turtlebot_follow_ws/install/vision_opencv/share/ament_index/resource_index/packages/vision_opencv
[0.656s] -- Up-to-date symlink: /home/eth/turtlebot_follow_ws/install/vision_opencv/share/vision_opencv/cmake/vision_opencvConfig.cmake
[0.656s] -- Up-to-date symlink: /home/eth/turtlebot_follow_ws/install/vision_opencv/share/vision_opencv/cmake/vision_opencvConfig-version.cmake
[0.656s] -- Up-to-date symlink: /home/eth/turtlebot_follow_ws/install/vision_opencv/share/vision_opencv/package.xml
[0.658s] Invoked command in '/home/eth/turtlebot_follow_ws/build/vision_opencv' returned '0': CMAKE_PREFIX_PATH=/home/eth/turtlebot_follow_ws/install/image_geometry:/home/eth/turtlebot_follow_ws/install/cv_bridge:/home/eth/turtlebot_follow_ws/install/vision_opencv:/home/eth/turtlebot_follow_ws/install/opencv_tests:/home/eth/turtlebot_follow_ws/install/turtlebot_follower:/opt/ros/humble LD_LIBRARY_PATH=/home/eth/turtlebot_follow_ws/install/image_geometry/lib:/home/eth/turtlebot_follow_ws/install/cv_bridge/lib:/usr/lib/x86_64-linux-gnu/gazebo-11/plugins:/opt/ros/humble/opt/rviz_ogre_vendor/lib:/opt/ros/humble/lib/x86_64-linux-gnu:/opt/ros/humble/lib:/usr/lib/x86_64-linux-gnu/ /usr/bin/cmake --install /home/eth/turtlebot_follow_ws/build/vision_opencv
