[0.372s] Invoking command in '/home/eth/turtlebot_follow_ws/build/vision_opencv': AMENT_PREFIX_PATH=/home/eth/turtlebot_follow_ws/install/image_geometry:/home/eth/turtlebot_follow_ws/install/cv_bridge:${AMENT_PREFIX_PATH} CMAKE_PREFIX_PATH=/home/eth/turtlebot_follow_ws/install/image_geometry:/home/eth/turtlebot_follow_ws/install/cv_bridge:/home/eth/turtlebot_follow_ws/install/turtlebot_follower:/opt/ros/humble LD_LIBRARY_PATH=/home/eth/turtlebot_follow_ws/install/image_geometry/lib:/home/eth/turtlebot_follow_ws/install/cv_bridge/lib:/usr/lib/x86_64-linux-gnu/gazebo-11/plugins:/opt/ros/humble/opt/rviz_ogre_vendor/lib:/opt/ros/humble/lib/x86_64-linux-gnu:/opt/ros/humble/lib:/usr/lib/x86_64-linux-gnu/ PYTHONPATH=/home/eth/turtlebot_follow_ws/install/image_geometry/local/lib/python3.10/dist-packages:/home/eth/turtlebot_follow_ws/install/cv_bridge/local/lib/python3.10/dist-packages:${PYTHONPATH} /usr/bin/cmake /home/eth/turtlebot_follow_ws/src/vision_opencv/vision_opencv -DAMENT_CMAKE_SYMLINK_INSTALL=1 -DCMAKE_INSTALL_PREFIX=/home/eth/turtlebot_follow_ws/install/vision_opencv
[0.421s] -- The C compiler identification is GNU 11.4.0
[0.479s] -- The CXX compiler identification is GNU 11.4.0
[0.486s] -- Detecting C compiler ABI info
[0.551s] -- Detecting C compiler ABI info - done
[0.560s] -- Check for working C compiler: /usr/bin/cc - skipped
[0.561s] -- Detecting C compile features
[0.561s] -- Detecting C compile features - done
[0.565s] -- Detecting CXX compiler ABI info
[0.644s] -- Detecting CXX compiler ABI info - done
[0.654s] -- Check for working CXX compiler: /usr/bin/c++ - skipped
[0.654s] -- Detecting CXX compile features
[0.655s] -- Detecting CXX compile features - done
[0.658s] -- Found ament_cmake: 1.3.10 (/opt/ros/humble/share/ament_cmake/cmake)
[0.835s] -- Found Python3: /usr/bin/python3 (found version "3.10.12") found components: Interpreter 
[0.903s] -- Override CMake install command with custom implementation using symlinks instead of copying resources
[1.031s] -- Configuring done
[1.033s] -- Generating done
[1.034s] -- Build files have been written to: /home/eth/turtlebot_follow_ws/build/vision_opencv
[1.038s] Invoked command in '/home/eth/turtlebot_follow_ws/build/vision_opencv' returned '0': AMENT_PREFIX_PATH=/home/eth/turtlebot_follow_ws/install/image_geometry:/home/eth/turtlebot_follow_ws/install/cv_bridge:${AMENT_PREFIX_PATH} CMAKE_PREFIX_PATH=/home/eth/turtlebot_follow_ws/install/image_geometry:/home/eth/turtlebot_follow_ws/install/cv_bridge:/home/eth/turtlebot_follow_ws/install/turtlebot_follower:/opt/ros/humble LD_LIBRARY_PATH=/home/eth/turtlebot_follow_ws/install/image_geometry/lib:/home/eth/turtlebot_follow_ws/install/cv_bridge/lib:/usr/lib/x86_64-linux-gnu/gazebo-11/plugins:/opt/ros/humble/opt/rviz_ogre_vendor/lib:/opt/ros/humble/lib/x86_64-linux-gnu:/opt/ros/humble/lib:/usr/lib/x86_64-linux-gnu/ PYTHONPATH=/home/eth/turtlebot_follow_ws/install/image_geometry/local/lib/python3.10/dist-packages:/home/eth/turtlebot_follow_ws/install/cv_bridge/local/lib/python3.10/dist-packages:${PYTHONPATH} /usr/bin/cmake /home/eth/turtlebot_follow_ws/src/vision_opencv/vision_opencv -DAMENT_CMAKE_SYMLINK_INSTALL=1 -DCMAKE_INSTALL_PREFIX=/home/eth/turtlebot_follow_ws/install/vision_opencv
[1.040s] Invoking command in '/home/eth/turtlebot_follow_ws/build/vision_opencv': AMENT_PREFIX_PATH=/home/eth/turtlebot_follow_ws/install/image_geometry:/home/eth/turtlebot_follow_ws/install/cv_bridge:${AMENT_PREFIX_PATH} CMAKE_PREFIX_PATH=/home/eth/turtlebot_follow_ws/install/image_geometry:/home/eth/turtlebot_follow_ws/install/cv_bridge:/home/eth/turtlebot_follow_ws/install/turtlebot_follower:/opt/ros/humble LD_LIBRARY_PATH=/home/eth/turtlebot_follow_ws/install/image_geometry/lib:/home/eth/turtlebot_follow_ws/install/cv_bridge/lib:/usr/lib/x86_64-linux-gnu/gazebo-11/plugins:/opt/ros/humble/opt/rviz_ogre_vendor/lib:/opt/ros/humble/lib/x86_64-linux-gnu:/opt/ros/humble/lib:/usr/lib/x86_64-linux-gnu/ PYTHONPATH=/home/eth/turtlebot_follow_ws/install/image_geometry/local/lib/python3.10/dist-packages:/home/eth/turtlebot_follow_ws/install/cv_bridge/local/lib/python3.10/dist-packages:${PYTHONPATH} /usr/bin/cmake --build /home/eth/turtlebot_follow_ws/build/vision_opencv -- -j8 -l8
[1.078s] Invoked command in '/home/eth/turtlebot_follow_ws/build/vision_opencv' returned '0': AMENT_PREFIX_PATH=/home/eth/turtlebot_follow_ws/install/image_geometry:/home/eth/turtlebot_follow_ws/install/cv_bridge:${AMENT_PREFIX_PATH} CMAKE_PREFIX_PATH=/home/eth/turtlebot_follow_ws/install/image_geometry:/home/eth/turtlebot_follow_ws/install/cv_bridge:/home/eth/turtlebot_follow_ws/install/turtlebot_follower:/opt/ros/humble LD_LIBRARY_PATH=/home/eth/turtlebot_follow_ws/install/image_geometry/lib:/home/eth/turtlebot_follow_ws/install/cv_bridge/lib:/usr/lib/x86_64-linux-gnu/gazebo-11/plugins:/opt/ros/humble/opt/rviz_ogre_vendor/lib:/opt/ros/humble/lib/x86_64-linux-gnu:/opt/ros/humble/lib:/usr/lib/x86_64-linux-gnu/ PYTHONPATH=/home/eth/turtlebot_follow_ws/install/image_geometry/local/lib/python3.10/dist-packages:/home/eth/turtlebot_follow_ws/install/cv_bridge/local/lib/python3.10/dist-packages:${PYTHONPATH} /usr/bin/cmake --build /home/eth/turtlebot_follow_ws/build/vision_opencv -- -j8 -l8
[1.100s] Invoking command in '/home/eth/turtlebot_follow_ws/build/vision_opencv': AMENT_PREFIX_PATH=/home/eth/turtlebot_follow_ws/install/image_geometry:/home/eth/turtlebot_follow_ws/install/cv_bridge:${AMENT_PREFIX_PATH} CMAKE_PREFIX_PATH=/home/eth/turtlebot_follow_ws/install/image_geometry:/home/eth/turtlebot_follow_ws/install/cv_bridge:/home/eth/turtlebot_follow_ws/install/turtlebot_follower:/opt/ros/humble LD_LIBRARY_PATH=/home/eth/turtlebot_follow_ws/install/image_geometry/lib:/home/eth/turtlebot_follow_ws/install/cv_bridge/lib:/usr/lib/x86_64-linux-gnu/gazebo-11/plugins:/opt/ros/humble/opt/rviz_ogre_vendor/lib:/opt/ros/humble/lib/x86_64-linux-gnu:/opt/ros/humble/lib:/usr/lib/x86_64-linux-gnu/ PYTHONPATH=/home/eth/turtlebot_follow_ws/install/image_geometry/local/lib/python3.10/dist-packages:/home/eth/turtlebot_follow_ws/install/cv_bridge/local/lib/python3.10/dist-packages:${PYTHONPATH} /usr/bin/cmake --install /home/eth/turtlebot_follow_ws/build/vision_opencv
[1.107s] -- Install configuration: ""
[1.107s] -- Execute custom install script
[1.107s] -- Symlinking: /home/eth/turtlebot_follow_ws/install/vision_opencv/share/ament_index/resource_index/package_run_dependencies/vision_opencv
[1.116s] -- Symlinking: /home/eth/turtlebot_follow_ws/install/vision_opencv/share/ament_index/resource_index/parent_prefix_path/vision_opencv
[1.125s] -- Symlinking: /home/eth/turtlebot_follow_ws/install/vision_opencv/share/vision_opencv/environment/ament_prefix_path.sh
[1.133s] -- Symlinking: /home/eth/turtlebot_follow_ws/install/vision_opencv/share/vision_opencv/environment/ament_prefix_path.dsv
[1.142s] -- Symlinking: /home/eth/turtlebot_follow_ws/install/vision_opencv/share/vision_opencv/environment/path.sh
[1.150s] -- Symlinking: /home/eth/turtlebot_follow_ws/install/vision_opencv/share/vision_opencv/environment/path.dsv
[1.160s] -- Symlinking: /home/eth/turtlebot_follow_ws/install/vision_opencv/share/vision_opencv/local_setup.bash
[1.169s] -- Symlinking: /home/eth/turtlebot_follow_ws/install/vision_opencv/share/vision_opencv/local_setup.sh
[1.177s] -- Symlinking: /home/eth/turtlebot_follow_ws/install/vision_opencv/share/vision_opencv/local_setup.zsh
[1.185s] -- Symlinking: /home/eth/turtlebot_follow_ws/install/vision_opencv/share/vision_opencv/local_setup.dsv
[1.194s] -- Symlinking: /home/eth/turtlebot_follow_ws/install/vision_opencv/share/vision_opencv/package.dsv
[1.202s] -- Symlinking: /home/eth/turtlebot_follow_ws/install/vision_opencv/share/ament_index/resource_index/packages/vision_opencv
[1.210s] -- Symlinking: /home/eth/turtlebot_follow_ws/install/vision_opencv/share/vision_opencv/cmake/vision_opencvConfig.cmake
[1.219s] -- Symlinking: /home/eth/turtlebot_follow_ws/install/vision_opencv/share/vision_opencv/cmake/vision_opencvConfig-version.cmake
[1.227s] -- Symlinking: /home/eth/turtlebot_follow_ws/install/vision_opencv/share/vision_opencv/package.xml
[1.238s] Invoked command in '/home/eth/turtlebot_follow_ws/build/vision_opencv' returned '0': AMENT_PREFIX_PATH=/home/eth/turtlebot_follow_ws/install/image_geometry:/home/eth/turtlebot_follow_ws/install/cv_bridge:${AMENT_PREFIX_PATH} CMAKE_PREFIX_PATH=/home/eth/turtlebot_follow_ws/install/image_geometry:/home/eth/turtlebot_follow_ws/install/cv_bridge:/home/eth/turtlebot_follow_ws/install/turtlebot_follower:/opt/ros/humble LD_LIBRARY_PATH=/home/eth/turtlebot_follow_ws/install/image_geometry/lib:/home/eth/turtlebot_follow_ws/install/cv_bridge/lib:/usr/lib/x86_64-linux-gnu/gazebo-11/plugins:/opt/ros/humble/opt/rviz_ogre_vendor/lib:/opt/ros/humble/lib/x86_64-linux-gnu:/opt/ros/humble/lib:/usr/lib/x86_64-linux-gnu/ PYTHONPATH=/home/eth/turtlebot_follow_ws/install/image_geometry/local/lib/python3.10/dist-packages:/home/eth/turtlebot_follow_ws/install/cv_bridge/local/lib/python3.10/dist-packages:${PYTHONPATH} /usr/bin/cmake --install /home/eth/turtlebot_follow_ws/build/vision_opencv
